=== APLICAÇÃO INICIADA ===
Hotkey registrada: g
Hotkey registrada: ctrl+g
=== Iniciando run_script ===
Encontrado .exe, executando: C:\dev\Automacao de setas\dist\arrow-detector.exe
Hotkey registrada: ctrl+e
=== Iniciando run_script ===
Encontrado .exe, executando: C:\dev\Automacao de setas\dist\arrow-detector.exe
=== Iniciando run_script ===
Encontrado .exe, executando: C:\dev\Automacao de setas\dist\arrow-detector.exe
=== Iniciando run_script ===
Encontrado .exe, executando: C:\dev\Automacao de setas\dist\arrow-detector.exe
=== Iniciando run_script ===
Encontrado .exe, executando: C:\dev\Automacao de setas\dist\arrow-detector.exe
=== Iniciando run_script ===
Encontrado .exe, executando: C:\dev\Automacao de setas\dist\arrow-detector.exe
=== Iniciando run_script ===
Encontrado .exe, executando: C:\dev\Automacao de setas\dist\arrow-detector.exe
=== Iniciando run_script ===
Encontrado .exe, executando: C:\dev\Automacao de setas\dist\arrow-detector.exe
=== APLICAÇÃO INICIADA ===
=== APLICAÇÃO INICIADA ===
Hotkey registrada: ctrl+g
=== Iniciando run_script ===
Encontrado .exe, executando: C:\dev\Automacao de setas\dist\arrow-detector.exe
=== APLICAÇÃO INICIADA ===
=== APLICAÇÃO INICIADA ===
Hotkey registrada: ctrl+g
=== Iniciando run_script ===
Encontrado .exe, executando: C:\dev\Automacao de setas\dist\arrow-detector.exe
